<?xml version="1.0" encoding="UTF-8"?>
<!-- Generated by org.testng.reporters.JUnitXMLReporter -->
<testsuite hostname="CSMBHUD055" name="Fieldvalidation Testcases" tests="29" failures="4" timestamp="29 Oct 2021 12:55:35 GMT" time="263.9" errors="0">
  <testcase name="loginPageOpen" time="8.874" classname="com.JSW.MineralMaster.Alphanumeric"/>
  <testcase name="loginPageOpen" time="8.756" classname="com.JSW.MineralMaster.Duplicate"/>
  <testcase name="loginPageOpen" time="8.635" classname="com.JSW.MineralMaster.Length"/>
  <testcase name="loginPageOpen" time="9.037" classname="com.JSW.MineralMaster.Mandatory"/>
  <testcase name="loginPageOpen" time="9.614" classname="com.JSW.MineralMaster.SpecialChar"/>
  <testcase name="loginPageOpen" time="8.965" classname="com.JSW.MineralMaster.SqlChar"/>
  <testcase name="loginPageOpen" time="13.214" classname="com.JSW.MineralMaster.WhiteSpace"/>
  <testcase name="MineralMaster" time="4.51" classname="com.JSW.MineralMaster.Alphanumeric"/>
  <testcase name="MineralMaster" time="4.425" classname="com.JSW.MineralMaster.Duplicate"/>
  <testcase name="MineralMaster" time="4.114" classname="com.JSW.MineralMaster.Length"/>
  <testcase name="MineralMaster" time="4.82" classname="com.JSW.MineralMaster.Mandatory"/>
  <testcase name="MineralMaster" time="4.216" classname="com.JSW.MineralMaster.SpecialChar"/>
  <testcase name="MineralMaster" time="4.933" classname="com.JSW.MineralMaster.SqlChar"/>
  <testcase name="MineralMaster" time="4.26" classname="com.JSW.MineralMaster.WhiteSpace"/>
  <testcase name="CheckAlphaNumericForMineralName" time="12.762" classname="com.JSW.MineralMaster.Alphanumeric"/>
  <testcase name="CheckDuplicateNotAllowForMineralName" time="14.784" classname="com.JSW.MineralMaster.Duplicate"/>
  <testcase name="CheckLengthShouldNotMoreThan50ForMineralName" time="2.601" classname="com.JSW.MineralMaster.Length"/>
  <testcase name="CheckMandatoryForMineralName" time="3.227" classname="com.JSW.MineralMaster.Mandatory"/>
  <testcase name="CkeckSpecialCharForMineralName" time="2.513" classname="com.JSW.MineralMaster.SpecialChar"/>
  <testcase name="CkeckSqlCharForMineralName" time="2.565" classname="com.JSW.MineralMaster.SqlChar"/>
  <testcase name="CheckWhiteSpaceNotAllowInitialPlaceForMineralName" time="44.559" classname="com.JSW.MineralMaster.WhiteSpace">
    <failure type="org.openqa.selenium.NoSuchElementException" message="no such element: Unable to locate element: {&amp;quot;method&amp;quot;:&amp;quot;css selector&amp;quot;,&amp;quot;selector&amp;quot;:&amp;quot;#MineralId&amp;quot;}
  (Session info: chrome=95.0.4638.54)
For documentation on this error, please visit: https://www.seleniumhq.org/exceptions/no_such_element.html
Build info: version: &amp;apos;3.141.59&amp;apos;, revision: &amp;apos;e82be7d358&amp;apos;, time: &amp;apos;2018-11-14T08:25:53&amp;apos;
System info: host: &amp;apos;CSMBHUD055&amp;apos;, ip: &amp;apos;192.168.203.73&amp;apos;, os.name: &amp;apos;Windows 7&amp;apos;, os.arch: &amp;apos;amd64&amp;apos;, os.version: &amp;apos;6.1&amp;apos;, java.version: &amp;apos;1.8.0_191&amp;apos;
Driver info: org.openqa.selenium.chrome.ChromeDriver
Capabilities {acceptInsecureCerts: false, browserName: chrome, browserVersion: 95.0.4638.54, chrome: {chromedriverVersion: 95.0.4638.54 (d31a821ec901f..., userDataDir: C:\Users\GAYATR~1.RAT\AppDa...}, goog:chromeOptions: {debuggerAddress: localhost:58624}, javascriptEnabled: true, networkConnectionEnabled: false, pageLoadStrategy: normal, platform: WINDOWS, platformName: WINDOWS, proxy: Proxy(), setWindowRect: true, strictFileInteractability: false, timeouts: {implicit: 0, pageLoad: 300000, script: 30000}, unhandledPromptBehavior: dismiss and notify, webauthn:extension:credBlob: true, webauthn:extension:largeBlob: true, webauthn:virtualAuthenticators: true}
Session ID: ef6bfd00dd258444e0264688afdc8abc
*** Element info: {Using=id, value=MineralId}">
      <![CDATA[org.openqa.selenium.NoSuchElementException: no such element: Unable to locate element: {"method":"css selector","selector":"#MineralId"}
  (Session info: chrome=95.0.4638.54)
For documentation on this error, please visit: https://www.seleniumhq.org/exceptions/no_such_element.html
Build info: version: '3.141.59', revision: 'e82be7d358', time: '2018-11-14T08:25:53'
System info: host: 'CSMBHUD055', ip: '192.168.203.73', os.name: 'Windows 7', os.arch: 'amd64', os.version: '6.1', java.version: '1.8.0_191'
Driver info: org.openqa.selenium.chrome.ChromeDriver
Capabilities {acceptInsecureCerts: false, browserName: chrome, browserVersion: 95.0.4638.54, chrome: {chromedriverVersion: 95.0.4638.54 (d31a821ec901f..., userDataDir: C:\Users\GAYATR~1.RAT\AppDa...}, goog:chromeOptions: {debuggerAddress: localhost:58624}, javascriptEnabled: true, networkConnectionEnabled: false, pageLoadStrategy: normal, platform: WINDOWS, platformName: WINDOWS, proxy: Proxy(), setWindowRect: true, strictFileInteractability: false, timeouts: {implicit: 0, pageLoad: 300000, script: 30000}, unhandledPromptBehavior: dismiss and notify, webauthn:extension:credBlob: true, webauthn:extension:largeBlob: true, webauthn:virtualAuthenticators: true}
Session ID: ef6bfd00dd258444e0264688afdc8abc
*** Element info: {Using=id, value=MineralId}
	at org.openqa.selenium.remote.http.W3CHttpResponseCodec.createException(W3CHttpResponseCodec.java:187)
	at org.openqa.selenium.remote.http.W3CHttpResponseCodec.decode(W3CHttpResponseCodec.java:122)
	at org.openqa.selenium.remote.http.W3CHttpResponseCodec.decode(W3CHttpResponseCodec.java:49)
	at org.openqa.selenium.remote.HttpCommandExecutor.execute(HttpCommandExecutor.java:158)
	at org.openqa.selenium.remote.service.DriverCommandExecutor.execute(DriverCommandExecutor.java:83)
	at org.openqa.selenium.remote.RemoteWebDriver.execute(RemoteWebDriver.java:552)
	at org.openqa.selenium.remote.RemoteWebDriver.findElement(RemoteWebDriver.java:323)
	at org.openqa.selenium.remote.RemoteWebDriver.findElementById(RemoteWebDriver.java:372)
	at org.openqa.selenium.By$ById.findElement(By.java:188)
	at org.openqa.selenium.remote.RemoteWebDriver.findElement(RemoteWebDriver.java:315)
	at org.openqa.selenium.support.pagefactory.DefaultElementLocator.findElement(DefaultElementLocator.java:69)
	at org.openqa.selenium.support.pagefactory.internal.LocatingElementHandler.invoke(LocatingElementHandler.java:38)
	at com.sun.proxy.$Proxy8.getAttribute(Unknown Source)
	at com.JSW.ObjectRepository.JSW_MinesMasterModule.MineralNameGetTextMethod(JSW_MinesMasterModule.java:592)
	at com.JSW.MineralMaster.WhiteSpace.CheckWhiteSpaceNotAllowInitialPlaceForMineralName(WhiteSpace.java:45)
... Removed 28 stack frames]]>
    </failure>
  </testcase> <!-- CheckWhiteSpaceNotAllowInitialPlaceForMineralName -->
  <testcase name="CheckOnlyNumericForI3MSMineralCode" time="1.836" classname="com.JSW.MineralMaster.Alphanumeric"/>
  <testcase name="CheckLengthShouldNotMoreThan50ForI3MSMineralCode" time="7.899" classname="com.JSW.MineralMaster.Length"/>
  <testcase name="CheckMandatoryForI3MSMineralCode" time="3.953" classname="com.JSW.MineralMaster.Mandatory"/>
  <testcase name="CkeckSpecialCharForI3MSMineralCode" time="2.431" classname="com.JSW.MineralMaster.SpecialChar"/>
  <testcase name="CkeckSqlCharForI3MSMineralCode" time="2.507" classname="com.JSW.MineralMaster.SqlChar"/>
  <testcase name="CheckWhiteSpaceNotAllowMiddlePlaceForMineralName" time="1.763" classname="com.JSW.MineralMaster.WhiteSpace">
    <failure type="org.openqa.selenium.ElementClickInterceptedException" message="element click intercepted: Element &amp;lt;a class=&amp;quot;nav-link active&amp;quot; id=&amp;quot;Anchmodule&amp;quot; href=&amp;quot;/JSWAPP/MinesMaster/Mineral/...Mineral?Glink=10&amp;amp;amp;Plink=1042&amp;quot;&amp;gt;Add&amp;lt;/a&amp;gt; is not clickable at point (392, 156). Other element would receive the click: &amp;lt;div class=&amp;quot;bootbox modal fade bootbox-confirm show&amp;quot; tabindex=&amp;quot;-1&amp;quot; role=&amp;quot;dialog&amp;quot; aria-modal=&amp;quot;true&amp;quot; style=&amp;quot;padding-right: 17px; display: block;&amp;quot;&amp;gt;...&amp;lt;/div&amp;gt;
  (Session info: chrome=95.0.4638.54)
Build info: version: &amp;apos;3.141.59&amp;apos;, revision: &amp;apos;e82be7d358&amp;apos;, time: &amp;apos;2018-11-14T08:25:53&amp;apos;
System info: host: &amp;apos;CSMBHUD055&amp;apos;, ip: &amp;apos;192.168.203.73&amp;apos;, os.name: &amp;apos;Windows 7&amp;apos;, os.arch: &amp;apos;amd64&amp;apos;, os.version: &amp;apos;6.1&amp;apos;, java.version: &amp;apos;1.8.0_191&amp;apos;
Driver info: org.openqa.selenium.chrome.ChromeDriver
Capabilities {acceptInsecureCerts: false, browserName: chrome, browserVersion: 95.0.4638.54, chrome: {chromedriverVersion: 95.0.4638.54 (d31a821ec901f..., userDataDir: C:\Users\GAYATR~1.RAT\AppDa...}, goog:chromeOptions: {debuggerAddress: localhost:58624}, javascriptEnabled: true, networkConnectionEnabled: false, pageLoadStrategy: normal, platform: WINDOWS, platformName: WINDOWS, proxy: Proxy(), setWindowRect: true, strictFileInteractability: false, timeouts: {implicit: 0, pageLoad: 300000, script: 30000}, unhandledPromptBehavior: dismiss and notify, webauthn:extension:credBlob: true, webauthn:extension:largeBlob: true, webauthn:virtualAuthenticators: true}
Session ID: ef6bfd00dd258444e0264688afdc8abc">
      <![CDATA[org.openqa.selenium.ElementClickInterceptedException: element click intercepted: Element <a class="nav-link active" id="Anchmodule" href="/JSWAPP/MinesMaster/Mineral/...Mineral?Glink=10&amp;Plink=1042">Add</a> is not clickable at point (392, 156). Other element would receive the click: <div class="bootbox modal fade bootbox-confirm show" tabindex="-1" role="dialog" aria-modal="true" style="padding-right: 17px; display: block;">...</div>
  (Session info: chrome=95.0.4638.54)
Build info: version: '3.141.59', revision: 'e82be7d358', time: '2018-11-14T08:25:53'
System info: host: 'CSMBHUD055', ip: '192.168.203.73', os.name: 'Windows 7', os.arch: 'amd64', os.version: '6.1', java.version: '1.8.0_191'
Driver info: org.openqa.selenium.chrome.ChromeDriver
Capabilities {acceptInsecureCerts: false, browserName: chrome, browserVersion: 95.0.4638.54, chrome: {chromedriverVersion: 95.0.4638.54 (d31a821ec901f..., userDataDir: C:\Users\GAYATR~1.RAT\AppDa...}, goog:chromeOptions: {debuggerAddress: localhost:58624}, javascriptEnabled: true, networkConnectionEnabled: false, pageLoadStrategy: normal, platform: WINDOWS, platformName: WINDOWS, proxy: Proxy(), setWindowRect: true, strictFileInteractability: false, timeouts: {implicit: 0, pageLoad: 300000, script: 30000}, unhandledPromptBehavior: dismiss and notify, webauthn:extension:credBlob: true, webauthn:extension:largeBlob: true, webauthn:virtualAuthenticators: true}
Session ID: ef6bfd00dd258444e0264688afdc8abc
	at org.openqa.selenium.remote.http.W3CHttpResponseCodec.createException(W3CHttpResponseCodec.java:187)
	at org.openqa.selenium.remote.http.W3CHttpResponseCodec.decode(W3CHttpResponseCodec.java:122)
	at org.openqa.selenium.remote.http.W3CHttpResponseCodec.decode(W3CHttpResponseCodec.java:49)
	at org.openqa.selenium.remote.HttpCommandExecutor.execute(HttpCommandExecutor.java:158)
	at org.openqa.selenium.remote.service.DriverCommandExecutor.execute(DriverCommandExecutor.java:83)
	at org.openqa.selenium.remote.RemoteWebDriver.execute(RemoteWebDriver.java:552)
	at org.openqa.selenium.remote.RemoteWebElement.execute(RemoteWebElement.java:285)
	at org.openqa.selenium.remote.RemoteWebElement.click(RemoteWebElement.java:84)
	at org.openqa.selenium.support.pagefactory.internal.LocatingElementHandler.invoke(LocatingElementHandler.java:51)
	at com.sun.proxy.$Proxy8.click(Unknown Source)
	at com.JSW.ObjectRepository.JSW_MinesMasterModule.MineralMasterAddMethod(JSW_MinesMasterModule.java:711)
	at com.JSW.MineralMaster.WhiteSpace.CheckWhiteSpaceNotAllowMiddlePlaceForMineralName(WhiteSpace.java:73)
... Removed 31 stack frames]]>
    </failure>
  </testcase> <!-- CheckWhiteSpaceNotAllowMiddlePlaceForMineralName -->
  <testcase name="CheckWhiteSpaceNotAllowInitialPlaceForI3MSMineralCode" time="1.757" classname="com.JSW.MineralMaster.WhiteSpace">
    <failure type="org.openqa.selenium.ElementClickInterceptedException" message="element click intercepted: Element &amp;lt;a class=&amp;quot;nav-link active&amp;quot; id=&amp;quot;Anchmodule&amp;quot; href=&amp;quot;/JSWAPP/MinesMaster/Mineral/...Mineral?Glink=10&amp;amp;amp;Plink=1042&amp;quot;&amp;gt;Add&amp;lt;/a&amp;gt; is not clickable at point (392, 156). Other element would receive the click: &amp;lt;div class=&amp;quot;bootbox modal fade bootbox-confirm show&amp;quot; tabindex=&amp;quot;-1&amp;quot; role=&amp;quot;dialog&amp;quot; aria-modal=&amp;quot;true&amp;quot; style=&amp;quot;padding-right: 17px; display: block;&amp;quot;&amp;gt;...&amp;lt;/div&amp;gt;
  (Session info: chrome=95.0.4638.54)
Build info: version: &amp;apos;3.141.59&amp;apos;, revision: &amp;apos;e82be7d358&amp;apos;, time: &amp;apos;2018-11-14T08:25:53&amp;apos;
System info: host: &amp;apos;CSMBHUD055&amp;apos;, ip: &amp;apos;192.168.203.73&amp;apos;, os.name: &amp;apos;Windows 7&amp;apos;, os.arch: &amp;apos;amd64&amp;apos;, os.version: &amp;apos;6.1&amp;apos;, java.version: &amp;apos;1.8.0_191&amp;apos;
Driver info: org.openqa.selenium.chrome.ChromeDriver
Capabilities {acceptInsecureCerts: false, browserName: chrome, browserVersion: 95.0.4638.54, chrome: {chromedriverVersion: 95.0.4638.54 (d31a821ec901f..., userDataDir: C:\Users\GAYATR~1.RAT\AppDa...}, goog:chromeOptions: {debuggerAddress: localhost:58624}, javascriptEnabled: true, networkConnectionEnabled: false, pageLoadStrategy: normal, platform: WINDOWS, platformName: WINDOWS, proxy: Proxy(), setWindowRect: true, strictFileInteractability: false, timeouts: {implicit: 0, pageLoad: 300000, script: 30000}, unhandledPromptBehavior: dismiss and notify, webauthn:extension:credBlob: true, webauthn:extension:largeBlob: true, webauthn:virtualAuthenticators: true}
Session ID: ef6bfd00dd258444e0264688afdc8abc">
      <![CDATA[org.openqa.selenium.ElementClickInterceptedException: element click intercepted: Element <a class="nav-link active" id="Anchmodule" href="/JSWAPP/MinesMaster/Mineral/...Mineral?Glink=10&amp;Plink=1042">Add</a> is not clickable at point (392, 156). Other element would receive the click: <div class="bootbox modal fade bootbox-confirm show" tabindex="-1" role="dialog" aria-modal="true" style="padding-right: 17px; display: block;">...</div>
  (Session info: chrome=95.0.4638.54)
Build info: version: '3.141.59', revision: 'e82be7d358', time: '2018-11-14T08:25:53'
System info: host: 'CSMBHUD055', ip: '192.168.203.73', os.name: 'Windows 7', os.arch: 'amd64', os.version: '6.1', java.version: '1.8.0_191'
Driver info: org.openqa.selenium.chrome.ChromeDriver
Capabilities {acceptInsecureCerts: false, browserName: chrome, browserVersion: 95.0.4638.54, chrome: {chromedriverVersion: 95.0.4638.54 (d31a821ec901f..., userDataDir: C:\Users\GAYATR~1.RAT\AppDa...}, goog:chromeOptions: {debuggerAddress: localhost:58624}, javascriptEnabled: true, networkConnectionEnabled: false, pageLoadStrategy: normal, platform: WINDOWS, platformName: WINDOWS, proxy: Proxy(), setWindowRect: true, strictFileInteractability: false, timeouts: {implicit: 0, pageLoad: 300000, script: 30000}, unhandledPromptBehavior: dismiss and notify, webauthn:extension:credBlob: true, webauthn:extension:largeBlob: true, webauthn:virtualAuthenticators: true}
Session ID: ef6bfd00dd258444e0264688afdc8abc
	at org.openqa.selenium.remote.http.W3CHttpResponseCodec.createException(W3CHttpResponseCodec.java:187)
	at org.openqa.selenium.remote.http.W3CHttpResponseCodec.decode(W3CHttpResponseCodec.java:122)
	at org.openqa.selenium.remote.http.W3CHttpResponseCodec.decode(W3CHttpResponseCodec.java:49)
	at org.openqa.selenium.remote.HttpCommandExecutor.execute(HttpCommandExecutor.java:158)
	at org.openqa.selenium.remote.service.DriverCommandExecutor.execute(DriverCommandExecutor.java:83)
	at org.openqa.selenium.remote.RemoteWebDriver.execute(RemoteWebDriver.java:552)
	at org.openqa.selenium.remote.RemoteWebElement.execute(RemoteWebElement.java:285)
	at org.openqa.selenium.remote.RemoteWebElement.click(RemoteWebElement.java:84)
	at org.openqa.selenium.support.pagefactory.internal.LocatingElementHandler.invoke(LocatingElementHandler.java:51)
	at com.sun.proxy.$Proxy8.click(Unknown Source)
	at com.JSW.ObjectRepository.JSW_MinesMasterModule.MineralMasterAddMethod(JSW_MinesMasterModule.java:711)
	at com.JSW.MineralMaster.WhiteSpace.CheckWhiteSpaceNotAllowInitialPlaceForI3MSMineralCode(WhiteSpace.java:104)
... Removed 31 stack frames]]>
    </failure>
  </testcase> <!-- CheckWhiteSpaceNotAllowInitialPlaceForI3MSMineralCode -->
  <testcase name="CheckWhiteSpaceNotAllowMiddlePlaceForI3MSMineralCode" time="1.791" classname="com.JSW.MineralMaster.WhiteSpace">
    <failure type="org.openqa.selenium.ElementClickInterceptedException" message="element click intercepted: Element &amp;lt;a class=&amp;quot;nav-link active&amp;quot; id=&amp;quot;Anchmodule&amp;quot; href=&amp;quot;/JSWAPP/MinesMaster/Mineral/...Mineral?Glink=10&amp;amp;amp;Plink=1042&amp;quot;&amp;gt;Add&amp;lt;/a&amp;gt; is not clickable at point (392, 156). Other element would receive the click: &amp;lt;div class=&amp;quot;bootbox modal fade bootbox-confirm show&amp;quot; tabindex=&amp;quot;-1&amp;quot; role=&amp;quot;dialog&amp;quot; aria-modal=&amp;quot;true&amp;quot; style=&amp;quot;padding-right: 17px; display: block;&amp;quot;&amp;gt;...&amp;lt;/div&amp;gt;
  (Session info: chrome=95.0.4638.54)
Build info: version: &amp;apos;3.141.59&amp;apos;, revision: &amp;apos;e82be7d358&amp;apos;, time: &amp;apos;2018-11-14T08:25:53&amp;apos;
System info: host: &amp;apos;CSMBHUD055&amp;apos;, ip: &amp;apos;192.168.203.73&amp;apos;, os.name: &amp;apos;Windows 7&amp;apos;, os.arch: &amp;apos;amd64&amp;apos;, os.version: &amp;apos;6.1&amp;apos;, java.version: &amp;apos;1.8.0_191&amp;apos;
Driver info: org.openqa.selenium.chrome.ChromeDriver
Capabilities {acceptInsecureCerts: false, browserName: chrome, browserVersion: 95.0.4638.54, chrome: {chromedriverVersion: 95.0.4638.54 (d31a821ec901f..., userDataDir: C:\Users\GAYATR~1.RAT\AppDa...}, goog:chromeOptions: {debuggerAddress: localhost:58624}, javascriptEnabled: true, networkConnectionEnabled: false, pageLoadStrategy: normal, platform: WINDOWS, platformName: WINDOWS, proxy: Proxy(), setWindowRect: true, strictFileInteractability: false, timeouts: {implicit: 0, pageLoad: 300000, script: 30000}, unhandledPromptBehavior: dismiss and notify, webauthn:extension:credBlob: true, webauthn:extension:largeBlob: true, webauthn:virtualAuthenticators: true}
Session ID: ef6bfd00dd258444e0264688afdc8abc">
      <![CDATA[org.openqa.selenium.ElementClickInterceptedException: element click intercepted: Element <a class="nav-link active" id="Anchmodule" href="/JSWAPP/MinesMaster/Mineral/...Mineral?Glink=10&amp;Plink=1042">Add</a> is not clickable at point (392, 156). Other element would receive the click: <div class="bootbox modal fade bootbox-confirm show" tabindex="-1" role="dialog" aria-modal="true" style="padding-right: 17px; display: block;">...</div>
  (Session info: chrome=95.0.4638.54)
Build info: version: '3.141.59', revision: 'e82be7d358', time: '2018-11-14T08:25:53'
System info: host: 'CSMBHUD055', ip: '192.168.203.73', os.name: 'Windows 7', os.arch: 'amd64', os.version: '6.1', java.version: '1.8.0_191'
Driver info: org.openqa.selenium.chrome.ChromeDriver
Capabilities {acceptInsecureCerts: false, browserName: chrome, browserVersion: 95.0.4638.54, chrome: {chromedriverVersion: 95.0.4638.54 (d31a821ec901f..., userDataDir: C:\Users\GAYATR~1.RAT\AppDa...}, goog:chromeOptions: {debuggerAddress: localhost:58624}, javascriptEnabled: true, networkConnectionEnabled: false, pageLoadStrategy: normal, platform: WINDOWS, platformName: WINDOWS, proxy: Proxy(), setWindowRect: true, strictFileInteractability: false, timeouts: {implicit: 0, pageLoad: 300000, script: 30000}, unhandledPromptBehavior: dismiss and notify, webauthn:extension:credBlob: true, webauthn:extension:largeBlob: true, webauthn:virtualAuthenticators: true}
Session ID: ef6bfd00dd258444e0264688afdc8abc
	at org.openqa.selenium.remote.http.W3CHttpResponseCodec.createException(W3CHttpResponseCodec.java:187)
	at org.openqa.selenium.remote.http.W3CHttpResponseCodec.decode(W3CHttpResponseCodec.java:122)
	at org.openqa.selenium.remote.http.W3CHttpResponseCodec.decode(W3CHttpResponseCodec.java:49)
	at org.openqa.selenium.remote.HttpCommandExecutor.execute(HttpCommandExecutor.java:158)
	at org.openqa.selenium.remote.service.DriverCommandExecutor.execute(DriverCommandExecutor.java:83)
	at org.openqa.selenium.remote.RemoteWebDriver.execute(RemoteWebDriver.java:552)
	at org.openqa.selenium.remote.RemoteWebElement.execute(RemoteWebElement.java:285)
	at org.openqa.selenium.remote.RemoteWebElement.click(RemoteWebElement.java:84)
	at org.openqa.selenium.support.pagefactory.internal.LocatingElementHandler.invoke(LocatingElementHandler.java:51)
	at com.sun.proxy.$Proxy8.click(Unknown Source)
	at com.JSW.ObjectRepository.JSW_MinesMasterModule.MineralMasterAddMethod(JSW_MinesMasterModule.java:711)
	at com.JSW.MineralMaster.WhiteSpace.CheckWhiteSpaceNotAllowMiddlePlaceForI3MSMineralCode(WhiteSpace.java:144)
... Removed 31 stack frames]]>
    </failure>
  </testcase> <!-- CheckWhiteSpaceNotAllowMiddlePlaceForI3MSMineralCode -->
</testsuite> <!-- Fieldvalidation Testcases -->
